<?xml version="1.0" encoding="UTF-8"?>
<coverage generated="1510865611964" clover="3.2.0">
  <project timestamp="1510865611965" name="All files">
    <metrics statements="194" coveredstatements="67" conditionals="51" coveredconditionals="2" methods="67" coveredmethods="9" elements="312" coveredelements="78" complexity="0" loc="194" ncloc="194" packages="4" files="9" classes="9">
      <package name="src">
        <metrics statements="103" coveredstatements="13" conditionals="47" coveredconditionals="1" methods="41" coveredmethods="1"/>
        <file name="utils.js" path="/Users/wellersonmiranda/Documents/projects/dojo/api/src/utils.js">
          <metrics statements="103" coveredstatements="13" conditionals="47" coveredconditionals="1" methods="41" coveredmethods="1"/>
          <line num="1" count="2" type="stmt"/>
          <line num="2" count="2" type="stmt"/>
          <line num="3" count="2" type="stmt"/>
          <line num="4" count="2" type="stmt"/>
          <line num="5" count="2" type="stmt"/>
          <line num="6" count="2" type="stmt"/>
          <line num="7" count="2" type="stmt"/>
          <line num="8" count="2" type="stmt"/>
          <line num="9" count="2" type="stmt"/>
          <line num="10" count="2" type="cond" truecount="1" falsecount="1"/>
          <line num="12" count="2" type="stmt"/>
          <line num="15" count="0" type="stmt"/>
          <line num="16" count="0" type="stmt"/>
          <line num="17" count="0" type="stmt"/>
          <line num="22" count="0" type="stmt"/>
          <line num="23" count="0" type="stmt"/>
          <line num="24" count="0" type="cond" truecount="0" falsecount="5"/>
          <line num="25" count="0" type="cond" truecount="0" falsecount="2"/>
          <line num="26" count="0" type="cond" truecount="0" falsecount="2"/>
          <line num="27" count="0" type="stmt"/>
          <line num="28" count="0" type="cond" truecount="0" falsecount="2"/>
          <line num="31" count="0" type="stmt"/>
          <line num="32" count="0" type="cond" truecount="0" falsecount="2"/>
          <line num="35" count="0" type="cond" truecount="0" falsecount="2"/>
          <line num="38" count="0" type="cond" truecount="0" falsecount="2"/>
          <line num="39" count="0" type="stmt"/>
          <line num="41" count="0" type="stmt"/>
          <line num="47" count="0" type="stmt"/>
          <line num="59" count="0" type="stmt"/>
          <line num="65" count="0" type="stmt"/>
          <line num="66" count="0" type="stmt"/>
          <line num="67" count="0" type="stmt"/>
          <line num="71" count="0" type="stmt"/>
          <line num="72" count="0" type="stmt"/>
          <line num="73" count="0" type="stmt"/>
          <line num="74" count="0" type="stmt"/>
          <line num="79" count="0" type="stmt"/>
          <line num="80" count="0" type="stmt"/>
          <line num="84" count="0" type="cond" truecount="0" falsecount="2"/>
          <line num="85" count="0" type="stmt"/>
          <line num="86" count="0" type="stmt"/>
          <line num="90" count="0" type="stmt"/>
          <line num="91" count="0" type="stmt"/>
          <line num="96" count="0" type="stmt"/>
          <line num="97" count="0" type="stmt"/>
          <line num="98" count="0" type="stmt"/>
          <line num="99" count="0" type="stmt"/>
          <line num="100" count="0" type="cond" truecount="0" falsecount="2"/>
          <line num="101" count="0" type="stmt"/>
          <line num="104" count="0" type="stmt"/>
          <line num="109" count="0" type="stmt"/>
          <line num="110" count="0" type="stmt"/>
          <line num="112" count="0" type="stmt"/>
          <line num="116" count="0" type="stmt"/>
          <line num="117" count="0" type="cond" truecount="0" falsecount="2"/>
          <line num="118" count="0" type="stmt"/>
          <line num="121" count="0" type="stmt"/>
          <line num="122" count="0" type="stmt"/>
          <line num="127" count="0" type="stmt"/>
          <line num="128" count="0" type="stmt"/>
          <line num="129" count="0" type="cond" truecount="0" falsecount="2"/>
          <line num="130" count="0" type="stmt"/>
          <line num="131" count="0" type="stmt"/>
          <line num="134" count="0" type="stmt"/>
          <line num="135" count="0" type="cond" truecount="0" falsecount="2"/>
          <line num="136" count="0" type="stmt"/>
          <line num="137" count="0" type="stmt"/>
          <line num="140" count="0" type="stmt"/>
          <line num="147" count="0" type="stmt"/>
          <line num="151" count="0" type="stmt"/>
          <line num="152" count="0" type="stmt"/>
          <line num="153" count="0" type="cond" truecount="0" falsecount="2"/>
          <line num="154" count="0" type="stmt"/>
          <line num="155" count="0" type="stmt"/>
          <line num="158" count="0" type="stmt"/>
          <line num="164" count="1" type="stmt"/>
          <line num="168" count="0" type="stmt"/>
          <line num="172" count="0" type="stmt"/>
          <line num="176" count="0" type="stmt"/>
          <line num="180" count="0" type="stmt"/>
          <line num="181" count="0" type="stmt"/>
          <line num="185" count="0" type="cond" truecount="0" falsecount="2"/>
          <line num="186" count="0" type="stmt"/>
          <line num="189" count="0" type="stmt"/>
          <line num="193" count="0" type="stmt"/>
          <line num="197" count="0" type="stmt"/>
          <line num="201" count="0" type="stmt"/>
          <line num="205" count="0" type="cond" truecount="0" falsecount="2"/>
          <line num="209" count="0" type="stmt"/>
          <line num="213" count="0" type="stmt"/>
          <line num="217" count="0" type="cond" truecount="0" falsecount="4"/>
          <line num="219" count="0" type="stmt"/>
          <line num="220" count="0" type="stmt"/>
          <line num="221" count="0" type="stmt"/>
          <line num="225" count="0" type="cond" truecount="0" falsecount="2"/>
          <line num="226" count="0" type="stmt"/>
          <line num="227" count="0" type="cond" truecount="0" falsecount="2"/>
          <line num="228" count="0" type="stmt"/>
          <line num="231" count="0" type="stmt"/>
          <line num="235" count="0" type="cond" truecount="0" falsecount="2"/>
          <line num="236" count="0" type="stmt"/>
          <line num="239" count="0" type="stmt"/>
          <line num="242" count="2" type="stmt"/>
        </file>
      </package>
      <package name="src.modules.saved">
        <metrics statements="50" coveredstatements="33" conditionals="2" coveredconditionals="1" methods="12" coveredmethods="5"/>
        <file name="saved.model.js" path="/Users/wellersonmiranda/Documents/projects/dojo/api/src/modules/saved/saved.model.js">
          <metrics statements="9" coveredstatements="3" conditionals="0" coveredconditionals="0" methods="3" coveredmethods="0"/>
          <line num="1" count="1" type="stmt"/>
          <line num="2" count="1" type="stmt"/>
          <line num="6" count="0" type="stmt"/>
          <line num="10" count="0" type="stmt"/>
          <line num="14" count="0" type="stmt"/>
          <line num="15" count="0" type="stmt"/>
          <line num="16" count="0" type="stmt"/>
          <line num="19" count="0" type="stmt"/>
          <line num="23" count="1" type="stmt"/>
        </file>
        <file name="saved.schema.js" path="/Users/wellersonmiranda/Documents/projects/dojo/api/src/modules/saved/saved.schema.js">
          <metrics statements="15" coveredstatements="14" conditionals="2" coveredconditionals="1" methods="5" coveredmethods="3"/>
          <line num="1" count="1" type="stmt"/>
          <line num="2" count="1" type="stmt"/>
          <line num="3" count="1" type="stmt"/>
          <line num="4" count="1" type="stmt"/>
          <line num="6" count="1" type="stmt"/>
          <line num="13" count="1" type="stmt"/>
          <line num="14" count="1" type="cond" truecount="1" falsecount="1"/>
          <line num="15" count="1" type="stmt"/>
          <line num="16" count="1" type="stmt"/>
          <line num="21" count="0" type="stmt"/>
          <line num="25" count="1" type="stmt"/>
          <line num="26" count="1" type="stmt"/>
          <line num="28" count="1" type="stmt"/>
          <line num="29" count="1" type="stmt"/>
          <line num="33" count="1" type="stmt"/>
        </file>
        <file name="saved.service.js" path="/Users/wellersonmiranda/Documents/projects/dojo/api/src/modules/saved/saved.service.js">
          <metrics statements="26" coveredstatements="16" conditionals="0" coveredconditionals="0" methods="4" coveredmethods="2"/>
          <line num="1" count="1" type="stmt"/>
          <line num="2" count="1" type="stmt"/>
          <line num="4" count="1" type="stmt"/>
          <line num="5" count="1" type="stmt"/>
          <line num="6" count="1" type="stmt"/>
          <line num="7" count="1" type="stmt"/>
          <line num="8" count="1" type="stmt"/>
          <line num="10" count="1" type="stmt"/>
          <line num="12" count="0" type="stmt"/>
          <line num="13" count="0" type="stmt"/>
          <line num="17" count="1" type="stmt"/>
          <line num="18" count="0" type="stmt"/>
          <line num="19" count="0" type="stmt"/>
          <line num="20" count="0" type="stmt"/>
          <line num="21" count="0" type="stmt"/>
          <line num="23" count="0" type="stmt"/>
          <line num="24" count="0" type="stmt"/>
          <line num="28" count="1" type="stmt"/>
          <line num="29" count="1" type="stmt"/>
          <line num="30" count="1" type="stmt"/>
          <line num="31" count="1" type="stmt"/>
          <line num="32" count="1" type="stmt"/>
          <line num="34" count="0" type="stmt"/>
          <line num="35" count="0" type="stmt"/>
          <line num="39" count="1" type="stmt"/>
          <line num="43" count="1" type="stmt"/>
        </file>
      </package>
      <package name="src.modules.twitter">
        <metrics statements="37" coveredstatements="17" conditionals="2" coveredconditionals="0" methods="14" coveredmethods="3"/>
        <file name="twitter.model.js" path="/Users/wellersonmiranda/Documents/projects/dojo/api/src/modules/twitter/twitter.model.js">
          <metrics statements="10" coveredstatements="3" conditionals="0" coveredconditionals="0" methods="4" coveredmethods="0"/>
          <line num="1" count="1" type="stmt"/>
          <line num="2" count="1" type="stmt"/>
          <line num="6" count="0" type="stmt"/>
          <line num="10" count="0" type="stmt"/>
          <line num="14" count="0" type="stmt"/>
          <line num="18" count="0" type="stmt"/>
          <line num="19" count="0" type="stmt"/>
          <line num="20" count="0" type="stmt"/>
          <line num="23" count="0" type="stmt"/>
          <line num="27" count="1" type="stmt"/>
        </file>
        <file name="twitter.persistence.js" path="/Users/wellersonmiranda/Documents/projects/dojo/api/src/modules/twitter/twitter.persistence.js">
          <metrics statements="8" coveredstatements="2" conditionals="2" coveredconditionals="0" methods="3" coveredmethods="0"/>
          <line num="1" count="1" type="stmt"/>
          <line num="3" count="1" type="stmt"/>
          <line num="5" count="0" type="stmt"/>
          <line num="8" count="0" type="stmt"/>
          <line num="10" count="0" type="stmt"/>
          <line num="11" count="0" type="cond" truecount="0" falsecount="2"/>
          <line num="15" count="0" type="stmt"/>
          <line num="18" count="0" type="stmt"/>
        </file>
        <file name="twitter.schema.js" path="/Users/wellersonmiranda/Documents/projects/dojo/api/src/modules/twitter/twitter.schema.js">
          <metrics statements="10" coveredstatements="3" conditionals="0" coveredconditionals="0" methods="4" coveredmethods="0"/>
          <line num="1" count="1" type="stmt"/>
          <line num="2" count="1" type="stmt"/>
          <line num="6" count="0" type="stmt"/>
          <line num="10" count="0" type="stmt"/>
          <line num="14" count="0" type="stmt"/>
          <line num="18" count="0" type="stmt"/>
          <line num="19" count="0" type="stmt"/>
          <line num="20" count="0" type="stmt"/>
          <line num="23" count="0" type="stmt"/>
          <line num="27" count="1" type="stmt"/>
        </file>
        <file name="twitter.service.js" path="/Users/wellersonmiranda/Documents/projects/dojo/api/src/modules/twitter/twitter.service.js">
          <metrics statements="9" coveredstatements="9" conditionals="0" coveredconditionals="0" methods="3" coveredmethods="3"/>
          <line num="1" count="1" type="stmt"/>
          <line num="2" count="1" type="stmt"/>
          <line num="3" count="1" type="stmt"/>
          <line num="5" count="1" type="stmt"/>
          <line num="12" count="1" type="stmt"/>
          <line num="13" count="1" type="stmt"/>
          <line num="20" count="1" type="stmt"/>
          <line num="22" count="10" type="stmt"/>
          <line num="26" count="1" type="stmt"/>
        </file>
      </package>
      <package name="src.persistence">
        <metrics statements="4" coveredstatements="4" conditionals="0" coveredconditionals="0" methods="0" coveredmethods="0"/>
        <file name="db.js" path="/Users/wellersonmiranda/Documents/projects/dojo/api/src/persistence/db.js">
          <metrics statements="4" coveredstatements="4" conditionals="0" coveredconditionals="0" methods="0" coveredmethods="0"/>
          <line num="1" count="1" type="stmt"/>
          <line num="3" count="1" type="stmt"/>
          <line num="5" count="1" type="stmt"/>
          <line num="14" count="1" type="stmt"/>
        </file>
      </package>
    </metrics>
  </project>
</coverage>
