{"/Users/wellersonmiranda/Documents/projects/dojo/api/src/utils.js": {"path":"/Users/wellersonmiranda/Documents/projects/dojo/api/src/utils.js","statementMap":{"0":{"start":{"line":1,"column":16},"end":{"line":1,"column":34}},"1":{"start":{"line":2,"column":16},"end":{"line":2,"column":34}},"2":{"start":{"line":3,"column":15},"end":{"line":3,"column":39}},"3":{"start":{"line":4,"column":19},"end":{"line":4,"column":21}},"4":{"start":{"line":5,"column":12},"end":{"line":5,"column":35}},"5":{"start":{"line":6,"column":16},"end":{"line":6,"column":35}},"6":{"start":{"line":7,"column":12},"end":{"line":7,"column":35}},"7":{"start":{"line":8,"column":13},"end":{"line":8,"column":28}},"8":{"start":{"line":9,"column":15},"end":{"line":9,"column":32}},"9":{"start":{"line":10,"column":15},"end":{"line":10,"column":80}},"10":{"start":{"line":12,"column":0},"end":{"line":12,"column":22}},"11":{"start":{"line":15,"column":2},"end":{"line":18,"column":8}},"12":{"start":{"line":16,"column":4},"end":{"line":16,"column":28}},"13":{"start":{"line":17,"column":4},"end":{"line":17,"column":14}},"14":{"start":{"line":22,"column":19},"end":{"line":22,"column":35}},"15":{"start":{"line":23,"column":2},"end":{"line":23,"column":27}},"16":{"start":{"line":24,"column":2},"end":{"line":24,"column":60}},"17":{"start":{"line":24,"column":51},"end":{"line":24,"column":60}},"18":{"start":{"line":25,"column":2},"end":{"line":25,"column":46}},"19":{"start":{"line":26,"column":2},"end":{"line":26,"column":44}},"20":{"start":{"line":27,"column":20},"end":{"line":27,"column":53}},"21":{"start":{"line":28,"column":13},"end":{"line":30,"column":17}},"22":{"start":{"line":31,"column":10},"end":{"line":31,"column":25}},"23":{"start":{"line":32,"column":13},"end":{"line":34,"column":8}},"24":{"start":{"line":35,"column":15},"end":{"line":37,"column":8}},"25":{"start":{"line":38,"column":13},"end":{"line":38,"column":33}},"26":{"start":{"line":39,"column":2},"end":{"line":39,"column":35}},"27":{"start":{"line":41,"column":2},"end":{"line":43,"column":10}},"28":{"start":{"line":47,"column":2},"end":{"line":64,"column":4}},"29":{"start":{"line":59,"column":6},"end":{"line":59,"column":16}},"30":{"start":{"line":65,"column":2},"end":{"line":65,"column":27}},"31":{"start":{"line":66,"column":15},"end":{"line":66,"column":47}},"32":{"start":{"line":67,"column":2},"end":{"line":67,"column":15}},"33":{"start":{"line":71,"column":2},"end":{"line":75,"column":8}},"34":{"start":{"line":72,"column":15},"end":{"line":72,"column":28}},"35":{"start":{"line":73,"column":4},"end":{"line":73,"column":27}},"36":{"start":{"line":74,"column":4},"end":{"line":74,"column":14}},"37":{"start":{"line":79,"column":22},"end":{"line":79,"column":28}},"38":{"start":{"line":80,"column":2},"end":{"line":80,"column":36}},"39":{"start":{"line":84,"column":2},"end":{"line":88,"column":3}},"40":{"start":{"line":85,"column":4},"end":{"line":87,"column":6}},"41":{"start":{"line":86,"column":6},"end":{"line":86,"column":36}},"42":{"start":{"line":90,"column":2},"end":{"line":92,"column":4}},"43":{"start":{"line":91,"column":4},"end":{"line":91,"column":25}},"44":{"start":{"line":96,"column":15},"end":{"line":96,"column":49}},"45":{"start":{"line":96,"column":47},"end":{"line":96,"column":48}},"46":{"start":{"line":97,"column":15},"end":{"line":97,"column":43}},"47":{"start":{"line":98,"column":2},"end":{"line":105,"column":4}},"48":{"start":{"line":99,"column":12},"end":{"line":99,"column":29}},"49":{"start":{"line":100,"column":4},"end":{"line":102,"column":5}},"50":{"start":{"line":101,"column":6},"end":{"line":101,"column":14}},"51":{"start":{"line":104,"column":4},"end":{"line":104,"column":12}},"52":{"start":{"line":109,"column":2},"end":{"line":111,"column":3}},"53":{"start":{"line":110,"column":4},"end":{"line":110,"column":21}},"54":{"start":{"line":112,"column":2},"end":{"line":112,"column":11}},"55":{"start":{"line":116,"column":2},"end":{"line":123,"column":8}},"56":{"start":{"line":117,"column":4},"end":{"line":119,"column":5}},"57":{"start":{"line":118,"column":6},"end":{"line":118,"column":21}},"58":{"start":{"line":121,"column":4},"end":{"line":121,"column":17}},"59":{"start":{"line":122,"column":4},"end":{"line":122,"column":12}},"60":{"start":{"line":127,"column":2},"end":{"line":143,"column":4}},"61":{"start":{"line":128,"column":4},"end":{"line":142,"column":6}},"62":{"start":{"line":129,"column":6},"end":{"line":132,"column":7}},"63":{"start":{"line":130,"column":8},"end":{"line":130,"column":19}},"64":{"start":{"line":131,"column":8},"end":{"line":131,"column":14}},"65":{"start":{"line":134,"column":6},"end":{"line":141,"column":8}},"66":{"start":{"line":135,"column":8},"end":{"line":138,"column":9}},"67":{"start":{"line":136,"column":10},"end":{"line":136,"column":21}},"68":{"start":{"line":137,"column":10},"end":{"line":137,"column":16}},"69":{"start":{"line":140,"column":8},"end":{"line":140,"column":21}},"70":{"start":{"line":147,"column":2},"end":{"line":147,"column":27}},"71":{"start":{"line":151,"column":2},"end":{"line":160,"column":4}},"72":{"start":{"line":152,"column":4},"end":{"line":159,"column":6}},"73":{"start":{"line":153,"column":6},"end":{"line":156,"column":7}},"74":{"start":{"line":154,"column":8},"end":{"line":154,"column":19}},"75":{"start":{"line":155,"column":8},"end":{"line":155,"column":14}},"76":{"start":{"line":158,"column":6},"end":{"line":158,"column":18}},"77":{"start":{"line":164,"column":2},"end":{"line":164,"column":18}},"78":{"start":{"line":168,"column":2},"end":{"line":168,"column":27}},"79":{"start":{"line":172,"column":2},"end":{"line":172,"column":26}},"80":{"start":{"line":176,"column":2},"end":{"line":176,"column":37}},"81":{"start":{"line":180,"column":22},"end":{"line":180,"column":34}},"82":{"start":{"line":181,"column":2},"end":{"line":181,"column":57}},"83":{"start":{"line":185,"column":2},"end":{"line":187,"column":3}},"84":{"start":{"line":186,"column":4},"end":{"line":186,"column":16}},"85":{"start":{"line":189,"column":2},"end":{"line":189,"column":39}},"86":{"start":{"line":193,"column":2},"end":{"line":193,"column":33}},"87":{"start":{"line":197,"column":2},"end":{"line":197,"column":47}},"88":{"start":{"line":201,"column":2},"end":{"line":201,"column":36}},"89":{"start":{"line":205,"column":2},"end":{"line":205,"column":28}},"90":{"start":{"line":209,"column":2},"end":{"line":209,"column":42}},"91":{"start":{"line":213,"column":2},"end":{"line":213,"column":47}},"92":{"start":{"line":217,"column":2},"end":{"line":217,"column":43}},"93":{"start":{"line":217,"column":31},"end":{"line":217,"column":43}},"94":{"start":{"line":219,"column":14},"end":{"line":219,"column":29}},"95":{"start":{"line":220,"column":2},"end":{"line":220,"column":43}},"96":{"start":{"line":221,"column":2},"end":{"line":221,"column":23}},"97":{"start":{"line":225,"column":2},"end":{"line":229,"column":3}},"98":{"start":{"line":226,"column":4},"end":{"line":226,"column":15}},"99":{"start":{"line":227,"column":9},"end":{"line":229,"column":3}},"100":{"start":{"line":228,"column":4},"end":{"line":228,"column":9}},"101":{"start":{"line":231,"column":2},"end":{"line":231,"column":10}},"102":{"start":{"line":235,"column":2},"end":{"line":237,"column":3}},"103":{"start":{"line":236,"column":4},"end":{"line":236,"column":16}},"104":{"start":{"line":239,"column":2},"end":{"line":239,"column":39}},"105":{"start":{"line":242,"column":0},"end":{"line":271,"column":1}}},"fnMap":{"0":{"name":"buildObject","decl":{"start":{"line":14,"column":9},"end":{"line":14,"column":20}},"loc":{"start":{"line":14,"column":36},"end":{"line":19,"column":1}},"line":14},"1":{"name":"(anonymous_1)","decl":{"start":{"line":15,"column":23},"end":{"line":15,"column":24}},"loc":{"start":{"line":15,"column":39},"end":{"line":18,"column":3}},"line":15},"2":{"name":"currency","decl":{"start":{"line":21,"column":9},"end":{"line":21,"column":17}},"loc":{"start":{"line":21,"column":46},"end":{"line":44,"column":1}},"line":21},"3":{"name":"formatToCurrencyBr","decl":{"start":{"line":46,"column":9},"end":{"line":46,"column":27}},"loc":{"start":{"line":46,"column":36},"end":{"line":68,"column":1}},"line":46},"4":{"name":"(anonymous_4)","decl":{"start":{"line":58,"column":13},"end":{"line":58,"column":14}},"loc":{"start":{"line":58,"column":31},"end":{"line":60,"column":5}},"line":58},"5":{"name":"renameProperties","decl":{"start":{"line":70,"column":9},"end":{"line":70,"column":25}},"loc":{"start":{"line":70,"column":41},"end":{"line":76,"column":1}},"line":70},"6":{"name":"(anonymous_6)","decl":{"start":{"line":71,"column":34},"end":{"line":71,"column":35}},"loc":{"start":{"line":71,"column":50},"end":{"line":75,"column":3}},"line":71},"7":{"name":"onlyNumbers","decl":{"start":{"line":78,"column":9},"end":{"line":78,"column":20}},"loc":{"start":{"line":78,"column":30},"end":{"line":81,"column":1}},"line":78},"8":{"name":"validate","decl":{"start":{"line":83,"column":9},"end":{"line":83,"column":17}},"loc":{"start":{"line":83,"column":39},"end":{"line":93,"column":1}},"line":83},"9":{"name":"(anonymous_9)","decl":{"start":{"line":85,"column":27},"end":{"line":85,"column":28}},"loc":{"start":{"line":85,"column":36},"end":{"line":87,"column":5}},"line":85},"10":{"name":"(anonymous_10)","decl":{"start":{"line":90,"column":23},"end":{"line":90,"column":24}},"loc":{"start":{"line":90,"column":32},"end":{"line":92,"column":3}},"line":90},"11":{"name":"validateWithDic","decl":{"start":{"line":95,"column":9},"end":{"line":95,"column":24}},"loc":{"start":{"line":95,"column":49},"end":{"line":106,"column":1}},"line":95},"12":{"name":"(anonymous_12)","decl":{"start":{"line":96,"column":42},"end":{"line":96,"column":43}},"loc":{"start":{"line":96,"column":47},"end":{"line":96,"column":48}},"line":96},"13":{"name":"(anonymous_13)","decl":{"start":{"line":98,"column":20},"end":{"line":98,"column":21}},"loc":{"start":{"line":98,"column":25},"end":{"line":105,"column":3}},"line":98},"14":{"name":"exchangeValues","decl":{"start":{"line":108,"column":9},"end":{"line":108,"column":23}},"loc":{"start":{"line":108,"column":37},"end":{"line":113,"column":1}},"line":108},"15":{"name":"cleaner","decl":{"start":{"line":115,"column":9},"end":{"line":115,"column":16}},"loc":{"start":{"line":115,"column":31},"end":{"line":124,"column":1}},"line":115},"16":{"name":"(anonymous_16)","decl":{"start":{"line":116,"column":33},"end":{"line":116,"column":34}},"loc":{"start":{"line":116,"column":40},"end":{"line":120,"column":3}},"line":116},"17":{"name":"(anonymous_17)","decl":{"start":{"line":120,"column":12},"end":{"line":120,"column":13}},"loc":{"start":{"line":120,"column":22},"end":{"line":123,"column":3}},"line":120},"18":{"name":"hashify","decl":{"start":{"line":126,"column":15},"end":{"line":126,"column":22}},"loc":{"start":{"line":126,"column":31},"end":{"line":144,"column":1}},"line":126},"19":{"name":"(anonymous_19)","decl":{"start":{"line":127,"column":21},"end":{"line":127,"column":22}},"loc":{"start":{"line":127,"column":42},"end":{"line":143,"column":3}},"line":127},"20":{"name":"(anonymous_20)","decl":{"start":{"line":128,"column":31},"end":{"line":128,"column":32}},"loc":{"start":{"line":128,"column":46},"end":{"line":142,"column":5}},"line":128},"21":{"name":"(anonymous_21)","decl":{"start":{"line":134,"column":37},"end":{"line":134,"column":38}},"loc":{"start":{"line":134,"column":52},"end":{"line":141,"column":7}},"line":134},"22":{"name":"eztravelify","decl":{"start":{"line":146,"column":9},"end":{"line":146,"column":20}},"loc":{"start":{"line":146,"column":24},"end":{"line":148,"column":1}},"line":146},"23":{"name":"compareHash","decl":{"start":{"line":150,"column":9},"end":{"line":150,"column":20}},"loc":{"start":{"line":150,"column":35},"end":{"line":161,"column":1}},"line":150},"24":{"name":"(anonymous_24)","decl":{"start":{"line":151,"column":21},"end":{"line":151,"column":22}},"loc":{"start":{"line":151,"column":42},"end":{"line":160,"column":3}},"line":151},"25":{"name":"(anonymous_25)","decl":{"start":{"line":152,"column":32},"end":{"line":152,"column":33}},"loc":{"start":{"line":152,"column":46},"end":{"line":159,"column":5}},"line":152},"26":{"name":"guid","decl":{"start":{"line":163,"column":9},"end":{"line":163,"column":13}},"loc":{"start":{"line":163,"column":17},"end":{"line":165,"column":1}},"line":163},"27":{"name":"isValidCPF","decl":{"start":{"line":167,"column":9},"end":{"line":167,"column":19}},"loc":{"start":{"line":167,"column":28},"end":{"line":169,"column":1}},"line":167},"28":{"name":"formatCPF","decl":{"start":{"line":171,"column":9},"end":{"line":171,"column":18}},"loc":{"start":{"line":171,"column":27},"end":{"line":173,"column":1}},"line":171},"29":{"name":"toBase64","decl":{"start":{"line":175,"column":9},"end":{"line":175,"column":17}},"loc":{"start":{"line":175,"column":26},"end":{"line":177,"column":1}},"line":175},"30":{"name":"toSQLDate","decl":{"start":{"line":179,"column":9},"end":{"line":179,"column":18}},"loc":{"start":{"line":179,"column":40},"end":{"line":182,"column":1}},"line":179},"31":{"name":"isDate","decl":{"start":{"line":184,"column":9},"end":{"line":184,"column":15}},"loc":{"start":{"line":184,"column":24},"end":{"line":190,"column":1}},"line":184},"32":{"name":"replaceAllSpacesWith","decl":{"start":{"line":192,"column":9},"end":{"line":192,"column":29}},"loc":{"start":{"line":192,"column":43},"end":{"line":194,"column":1}},"line":192},"33":{"name":"replaceAll","decl":{"start":{"line":196,"column":9},"end":{"line":196,"column":19}},"loc":{"start":{"line":196,"column":50},"end":{"line":198,"column":1}},"line":196},"34":{"name":"roundUp","decl":{"start":{"line":200,"column":9},"end":{"line":200,"column":16}},"loc":{"start":{"line":200,"column":25},"end":{"line":202,"column":1}},"line":200},"35":{"name":"toCents","decl":{"start":{"line":204,"column":9},"end":{"line":204,"column":16}},"loc":{"start":{"line":204,"column":26},"end":{"line":206,"column":1}},"line":204},"36":{"name":"stringToCents","decl":{"start":{"line":208,"column":9},"end":{"line":208,"column":22}},"loc":{"start":{"line":208,"column":32},"end":{"line":210,"column":1}},"line":208},"37":{"name":"maskCreditCardNumber","decl":{"start":{"line":212,"column":9},"end":{"line":212,"column":29}},"loc":{"start":{"line":212,"column":44},"end":{"line":214,"column":1}},"line":212},"38":{"name":"insertCharInMiddle","decl":{"start":{"line":216,"column":9},"end":{"line":216,"column":27}},"loc":{"start":{"line":216,"column":42},"end":{"line":222,"column":1}},"line":216},"39":{"name":"zeroIfIsNegative","decl":{"start":{"line":224,"column":9},"end":{"line":224,"column":25}},"loc":{"start":{"line":224,"column":33},"end":{"line":232,"column":1}},"line":224},"40":{"name":"toBool","decl":{"start":{"line":234,"column":9},"end":{"line":234,"column":15}},"loc":{"start":{"line":234,"column":22},"end":{"line":240,"column":1}},"line":234}},"branchMap":{"0":{"loc":{"start":{"line":10,"column":35},"end":{"line":10,"column":72}},"type":"binary-expr","locations":[{"start":{"line":10,"column":35},"end":{"line":10,"column":55}},{"start":{"line":10,"column":59},"end":{"line":10,"column":72}}],"line":10},"1":{"loc":{"start":{"line":24,"column":2},"end":{"line":24,"column":60}},"type":"if","locations":[{"start":{"line":24,"column":2},"end":{"line":24,"column":60}},{"start":{"line":24,"column":2},"end":{"line":24,"column":60}}],"line":24},"2":{"loc":{"start":{"line":24,"column":6},"end":{"line":24,"column":49}},"type":"binary-expr","locations":[{"start":{"line":24,"column":6},"end":{"line":24,"column":22}},{"start":{"line":24,"column":27},"end":{"line":24,"column":33}},{"start":{"line":24,"column":37},"end":{"line":24,"column":48}}],"line":24},"3":{"loc":{"start":{"line":25,"column":13},"end":{"line":25,"column":46}},"type":"cond-expr","locations":[{"start":{"line":25,"column":32},"end":{"line":25,"column":40}},{"start":{"line":25,"column":43},"end":{"line":25,"column":46}}],"line":25},"4":{"loc":{"start":{"line":26,"column":13},"end":{"line":26,"column":44}},"type":"cond-expr","locations":[{"start":{"line":26,"column":32},"end":{"line":26,"column":40}},{"start":{"line":26,"column":43},"end":{"line":26,"column":44}}],"line":26},"5":{"loc":{"start":{"line":28,"column":13},"end":{"line":30,"column":17}},"type":"cond-expr","locations":[{"start":{"line":29,"column":6},"end":{"line":29,"column":41}},{"start":{"line":30,"column":6},"end":{"line":30,"column":17}}],"line":28},"6":{"loc":{"start":{"line":32,"column":13},"end":{"line":34,"column":8}},"type":"cond-expr","locations":[{"start":{"line":33,"column":7},"end":{"line":33,"column":54}},{"start":{"line":34,"column":6},"end":{"line":34,"column":8}}],"line":32},"7":{"loc":{"start":{"line":33,"column":27},"end":{"line":33,"column":53}},"type":"cond-expr","locations":[{"start":{"line":33,"column":45},"end":{"line":33,"column":48}},{"start":{"line":33,"column":51},"end":{"line":33,"column":53}}],"line":33},"8":{"loc":{"start":{"line":35,"column":15},"end":{"line":37,"column":8}},"type":"cond-expr","locations":[{"start":{"line":36,"column":6},"end":{"line":36,"column":38}},{"start":{"line":37,"column":6},"end":{"line":37,"column":8}}],"line":35},"9":{"loc":{"start":{"line":38,"column":13},"end":{"line":38,"column":33}},"type":"cond-expr","locations":[{"start":{"line":38,"column":25},"end":{"line":38,"column":28}},{"start":{"line":38,"column":31},"end":{"line":38,"column":33}}],"line":38},"10":{"loc":{"start":{"line":84,"column":2},"end":{"line":88,"column":3}},"type":"if","locations":[{"start":{"line":84,"column":2},"end":{"line":88,"column":3}},{"start":{"line":84,"column":2},"end":{"line":88,"column":3}}],"line":84},"11":{"loc":{"start":{"line":100,"column":4},"end":{"line":102,"column":5}},"type":"if","locations":[{"start":{"line":100,"column":4},"end":{"line":102,"column":5}},{"start":{"line":100,"column":4},"end":{"line":102,"column":5}}],"line":100},"12":{"loc":{"start":{"line":117,"column":4},"end":{"line":119,"column":5}},"type":"if","locations":[{"start":{"line":117,"column":4},"end":{"line":119,"column":5}},{"start":{"line":117,"column":4},"end":{"line":119,"column":5}}],"line":117},"13":{"loc":{"start":{"line":129,"column":6},"end":{"line":132,"column":7}},"type":"if","locations":[{"start":{"line":129,"column":6},"end":{"line":132,"column":7}},{"start":{"line":129,"column":6},"end":{"line":132,"column":7}}],"line":129},"14":{"loc":{"start":{"line":135,"column":8},"end":{"line":138,"column":9}},"type":"if","locations":[{"start":{"line":135,"column":8},"end":{"line":138,"column":9}},{"start":{"line":135,"column":8},"end":{"line":138,"column":9}}],"line":135},"15":{"loc":{"start":{"line":153,"column":6},"end":{"line":156,"column":7}},"type":"if","locations":[{"start":{"line":153,"column":6},"end":{"line":156,"column":7}},{"start":{"line":153,"column":6},"end":{"line":156,"column":7}}],"line":153},"16":{"loc":{"start":{"line":185,"column":2},"end":{"line":187,"column":3}},"type":"if","locations":[{"start":{"line":185,"column":2},"end":{"line":187,"column":3}},{"start":{"line":185,"column":2},"end":{"line":187,"column":3}}],"line":185},"17":{"loc":{"start":{"line":205,"column":10},"end":{"line":205,"column":21}},"type":"binary-expr","locations":[{"start":{"line":205,"column":10},"end":{"line":205,"column":16}},{"start":{"line":205,"column":20},"end":{"line":205,"column":21}}],"line":205},"18":{"loc":{"start":{"line":217,"column":2},"end":{"line":217,"column":43}},"type":"if","locations":[{"start":{"line":217,"column":2},"end":{"line":217,"column":43}},{"start":{"line":217,"column":2},"end":{"line":217,"column":43}}],"line":217},"19":{"loc":{"start":{"line":217,"column":6},"end":{"line":217,"column":29}},"type":"binary-expr","locations":[{"start":{"line":217,"column":6},"end":{"line":217,"column":12}},{"start":{"line":217,"column":16},"end":{"line":217,"column":29}}],"line":217},"20":{"loc":{"start":{"line":225,"column":2},"end":{"line":229,"column":3}},"type":"if","locations":[{"start":{"line":225,"column":2},"end":{"line":229,"column":3}},{"start":{"line":225,"column":2},"end":{"line":229,"column":3}}],"line":225},"21":{"loc":{"start":{"line":227,"column":9},"end":{"line":229,"column":3}},"type":"if","locations":[{"start":{"line":227,"column":9},"end":{"line":229,"column":3}},{"start":{"line":227,"column":9},"end":{"line":229,"column":3}}],"line":227},"22":{"loc":{"start":{"line":235,"column":2},"end":{"line":237,"column":3}},"type":"if","locations":[{"start":{"line":235,"column":2},"end":{"line":237,"column":3}},{"start":{"line":235,"column":2},"end":{"line":237,"column":3}}],"line":235}},"s":{"0":2,"1":2,"2":2,"3":2,"4":2,"5":2,"6":2,"7":2,"8":2,"9":2,"10":2,"11":0,"12":0,"13":0,"14":0,"15":0,"16":0,"17":0,"18":0,"19":0,"20":0,"21":0,"22":0,"23":0,"24":0,"25":0,"26":0,"27":0,"28":0,"29":0,"30":0,"31":0,"32":0,"33":0,"34":0,"35":0,"36":0,"37":0,"38":0,"39":0,"40":0,"41":0,"42":0,"43":0,"44":0,"45":0,"46":0,"47":0,"48":0,"49":0,"50":0,"51":0,"52":0,"53":0,"54":0,"55":0,"56":0,"57":0,"58":0,"59":0,"60":0,"61":0,"62":0,"63":0,"64":0,"65":0,"66":0,"67":0,"68":0,"69":0,"70":0,"71":0,"72":0,"73":0,"74":0,"75":0,"76":0,"77":1,"78":0,"79":0,"80":0,"81":0,"82":0,"83":0,"84":0,"85":0,"86":0,"87":0,"88":0,"89":0,"90":0,"91":0,"92":0,"93":0,"94":0,"95":0,"96":0,"97":0,"98":0,"99":0,"100":0,"101":0,"102":0,"103":0,"104":0,"105":2},"f":{"0":0,"1":0,"2":0,"3":0,"4":0,"5":0,"6":0,"7":0,"8":0,"9":0,"10":0,"11":0,"12":0,"13":0,"14":0,"15":0,"16":0,"17":0,"18":0,"19":0,"20":0,"21":0,"22":0,"23":0,"24":0,"25":0,"26":1,"27":0,"28":0,"29":0,"30":0,"31":0,"32":0,"33":0,"34":0,"35":0,"36":0,"37":0,"38":0,"39":0,"40":0},"b":{"0":[2,0],"1":[0,0],"2":[0,0,0],"3":[0,0],"4":[0,0],"5":[0,0],"6":[0,0],"7":[0,0],"8":[0,0],"9":[0,0],"10":[0,0],"11":[0,0],"12":[0,0],"13":[0,0],"14":[0,0],"15":[0,0],"16":[0,0],"17":[0,0],"18":[0,0],"19":[0,0],"20":[0,0],"21":[0,0],"22":[0,0]},"_coverageSchema":"332fd63041d2c1bcb487cc26dd0d5f7d97098a6c","hash":"2a253f4933f8a6e5a616ee16de34bf4476e61d71"}
,"/Users/wellersonmiranda/Documents/projects/dojo/api/src/modules/saved/saved.model.js": {"path":"/Users/wellersonmiranda/Documents/projects/dojo/api/src/modules/saved/saved.model.js","statementMap":{"0":{"start":{"line":1,"column":26},"end":{"line":1,"column":48}},"1":{"start":{"line":2,"column":20},"end":{"line":2,"column":45}},"2":{"start":{"line":6,"column":4},"end":{"line":6,"column":30}},"3":{"start":{"line":10,"column":4},"end":{"line":10,"column":36}},"4":{"start":{"line":14,"column":4},"end":{"line":14,"column":20}},"5":{"start":{"line":15,"column":4},"end":{"line":15,"column":32}},"6":{"start":{"line":16,"column":4},"end":{"line":16,"column":48}},"7":{"start":{"line":19,"column":4},"end":{"line":19,"column":35}},"8":{"start":{"line":23,"column":0},"end":{"line":23,"column":22}}},"fnMap":{"0":{"name":"(anonymous_0)","decl":{"start":{"line":5,"column":2},"end":{"line":5,"column":3}},"loc":{"start":{"line":5,"column":17},"end":{"line":7,"column":3}},"line":5},"1":{"name":"(anonymous_1)","decl":{"start":{"line":9,"column":2},"end":{"line":9,"column":3}},"loc":{"start":{"line":9,"column":23},"end":{"line":11,"column":3}},"line":9},"2":{"name":"(anonymous_2)","decl":{"start":{"line":13,"column":2},"end":{"line":13,"column":3}},"loc":{"start":{"line":13,"column":22},"end":{"line":20,"column":3}},"line":13}},"branchMap":{},"s":{"0":1,"1":1,"2":0,"3":0,"4":0,"5":0,"6":0,"7":0,"8":1},"f":{"0":0,"1":0,"2":0},"b":{},"_coverageSchema":"332fd63041d2c1bcb487cc26dd0d5f7d97098a6c","hash":"2362fb4d8657ef3a18e94f436bdc0da8b4c9f213"}
,"/Users/wellersonmiranda/Documents/projects/dojo/api/src/modules/saved/saved.schema.js": {"path":"/Users/wellersonmiranda/Documents/projects/dojo/api/src/modules/saved/saved.schema.js","statementMap":{"0":{"start":{"line":1,"column":26},"end":{"line":1,"column":48}},"1":{"start":{"line":2,"column":17},"end":{"line":2,"column":36}},"2":{"start":{"line":3,"column":0},"end":{"line":3,"column":76}},"3":{"start":{"line":4,"column":0},"end":{"line":4,"column":34}},"4":{"start":{"line":6,"column":14},"end":{"line":6,"column":86}},"5":{"start":{"line":13,"column":4},"end":{"line":17,"column":6}},"6":{"start":{"line":14,"column":6},"end":{"line":14,"column":41}},"7":{"start":{"line":14,"column":15},"end":{"line":14,"column":41}},"8":{"start":{"line":15,"column":6},"end":{"line":15,"column":26}},"9":{"start":{"line":16,"column":6},"end":{"line":16,"column":20}},"10":{"start":{"line":21,"column":4},"end":{"line":21,"column":15}},"11":{"start":{"line":25,"column":4},"end":{"line":25,"column":20}},"12":{"start":{"line":26,"column":4},"end":{"line":26,"column":32}},"13":{"start":{"line":28,"column":16},"end":{"line":28,"column":31}},"14":{"start":{"line":29,"column":4},"end":{"line":29,"column":24}},"15":{"start":{"line":33,"column":0},"end":{"line":33,"column":22}}},"fnMap":{"0":{"name":"(anonymous_0)","decl":{"start":{"line":9,"column":2},"end":{"line":9,"column":3}},"loc":{"start":{"line":9,"column":17},"end":{"line":10,"column":3}},"line":9},"1":{"name":"(anonymous_1)","decl":{"start":{"line":12,"column":2},"end":{"line":12,"column":3}},"loc":{"start":{"line":12,"column":22},"end":{"line":18,"column":3}},"line":12},"2":{"name":"(anonymous_2)","decl":{"start":{"line":13,"column":22},"end":{"line":13,"column":23}},"loc":{"start":{"line":13,"column":45},"end":{"line":17,"column":5}},"line":13},"3":{"name":"(anonymous_3)","decl":{"start":{"line":20,"column":2},"end":{"line":20,"column":3}},"loc":{"start":{"line":20,"column":19},"end":{"line":22,"column":3}},"line":20},"4":{"name":"(anonymous_4)","decl":{"start":{"line":24,"column":2},"end":{"line":24,"column":3}},"loc":{"start":{"line":24,"column":22},"end":{"line":30,"column":3}},"line":24}},"branchMap":{"0":{"loc":{"start":{"line":14,"column":6},"end":{"line":14,"column":41}},"type":"if","locations":[{"start":{"line":14,"column":6},"end":{"line":14,"column":41}},{"start":{"line":14,"column":6},"end":{"line":14,"column":41}}],"line":14}},"s":{"0":1,"1":1,"2":1,"3":1,"4":1,"5":1,"6":1,"7":0,"8":1,"9":1,"10":0,"11":1,"12":1,"13":1,"14":1,"15":1},"f":{"0":0,"1":1,"2":1,"3":0,"4":1},"b":{"0":[0,1]},"_coverageSchema":"332fd63041d2c1bcb487cc26dd0d5f7d97098a6c","hash":"84ecdfd17c2eac136a5f1cedd5ea7b1cbd68bb9a"}
,"/Users/wellersonmiranda/Documents/projects/dojo/api/src/modules/saved/saved.service.js": {"path":"/Users/wellersonmiranda/Documents/projects/dojo/api/src/modules/saved/saved.service.js","statementMap":{"0":{"start":{"line":1,"column":14},"end":{"line":1,"column":38}},"1":{"start":{"line":2,"column":15},"end":{"line":2,"column":40}},"2":{"start":{"line":4,"column":15},"end":{"line":15,"column":1}},"3":{"start":{"line":5,"column":2},"end":{"line":14,"column":3}},"4":{"start":{"line":6,"column":12},"end":{"line":6,"column":24}},"5":{"start":{"line":7,"column":18},"end":{"line":7,"column":29}},"6":{"start":{"line":8,"column":19},"end":{"line":8,"column":48}},"7":{"start":{"line":10,"column":4},"end":{"line":10,"column":25}},"8":{"start":{"line":12,"column":4},"end":{"line":12,"column":27}},"9":{"start":{"line":13,"column":4},"end":{"line":13,"column":13}},"10":{"start":{"line":17,"column":12},"end":{"line":26,"column":1}},"11":{"start":{"line":18,"column":2},"end":{"line":25,"column":3}},"12":{"start":{"line":19,"column":12},"end":{"line":19,"column":24}},"13":{"start":{"line":20,"column":19},"end":{"line":20,"column":33}},"14":{"start":{"line":21,"column":4},"end":{"line":21,"column":17}},"15":{"start":{"line":23,"column":4},"end":{"line":23,"column":27}},"16":{"start":{"line":24,"column":4},"end":{"line":24,"column":13}},"17":{"start":{"line":28,"column":13},"end":{"line":37,"column":1}},"18":{"start":{"line":29,"column":2},"end":{"line":36,"column":3}},"19":{"start":{"line":30,"column":12},"end":{"line":30,"column":24}},"20":{"start":{"line":31,"column":19},"end":{"line":31,"column":33}},"21":{"start":{"line":32,"column":4},"end":{"line":32,"column":17}},"22":{"start":{"line":34,"column":4},"end":{"line":34,"column":27}},"23":{"start":{"line":35,"column":4},"end":{"line":35,"column":13}},"24":{"start":{"line":39,"column":15},"end":{"line":41,"column":1}},"25":{"start":{"line":43,"column":0},"end":{"line":48,"column":1}}},"fnMap":{"0":{"name":"(anonymous_0)","decl":{"start":{"line":4,"column":15},"end":{"line":4,"column":16}},"loc":{"start":{"line":4,"column":31},"end":{"line":15,"column":1}},"line":4},"1":{"name":"(anonymous_1)","decl":{"start":{"line":17,"column":12},"end":{"line":17,"column":13}},"loc":{"start":{"line":17,"column":26},"end":{"line":26,"column":1}},"line":17},"2":{"name":"(anonymous_2)","decl":{"start":{"line":28,"column":13},"end":{"line":28,"column":14}},"loc":{"start":{"line":28,"column":25},"end":{"line":37,"column":1}},"line":28},"3":{"name":"(anonymous_3)","decl":{"start":{"line":39,"column":15},"end":{"line":39,"column":16}},"loc":{"start":{"line":39,"column":35},"end":{"line":41,"column":1}},"line":39}},"branchMap":{},"s":{"0":1,"1":1,"2":1,"3":1,"4":1,"5":1,"6":1,"7":1,"8":0,"9":0,"10":1,"11":0,"12":0,"13":0,"14":0,"15":0,"16":0,"17":1,"18":1,"19":1,"20":1,"21":1,"22":0,"23":0,"24":1,"25":1},"f":{"0":1,"1":0,"2":1,"3":0},"b":{},"_coverageSchema":"332fd63041d2c1bcb487cc26dd0d5f7d97098a6c","hash":"7d6e523e314b38f139337b0298da62a785b80529"}
,"/Users/wellersonmiranda/Documents/projects/dojo/api/src/modules/twitter/twitter.model.js": {"path":"/Users/wellersonmiranda/Documents/projects/dojo/api/src/modules/twitter/twitter.model.js","statementMap":{"0":{"start":{"line":1,"column":26},"end":{"line":1,"column":48}},"1":{"start":{"line":2,"column":20},"end":{"line":2,"column":52}},"2":{"start":{"line":6,"column":4},"end":{"line":6,"column":30}},"3":{"start":{"line":10,"column":4},"end":{"line":10,"column":36}},"4":{"start":{"line":14,"column":4},"end":{"line":14,"column":35}},"5":{"start":{"line":18,"column":4},"end":{"line":18,"column":20}},"6":{"start":{"line":19,"column":4},"end":{"line":19,"column":32}},"7":{"start":{"line":20,"column":4},"end":{"line":20,"column":48}},"8":{"start":{"line":23,"column":4},"end":{"line":23,"column":35}},"9":{"start":{"line":27,"column":0},"end":{"line":27,"column":24}}},"fnMap":{"0":{"name":"(anonymous_0)","decl":{"start":{"line":5,"column":2},"end":{"line":5,"column":3}},"loc":{"start":{"line":5,"column":17},"end":{"line":7,"column":3}},"line":5},"1":{"name":"(anonymous_1)","decl":{"start":{"line":9,"column":2},"end":{"line":9,"column":3}},"loc":{"start":{"line":9,"column":23},"end":{"line":11,"column":3}},"line":9},"2":{"name":"(anonymous_2)","decl":{"start":{"line":13,"column":2},"end":{"line":13,"column":3}},"loc":{"start":{"line":13,"column":22},"end":{"line":15,"column":3}},"line":13},"3":{"name":"(anonymous_3)","decl":{"start":{"line":17,"column":2},"end":{"line":17,"column":3}},"loc":{"start":{"line":17,"column":22},"end":{"line":24,"column":3}},"line":17}},"branchMap":{},"s":{"0":1,"1":1,"2":0,"3":0,"4":0,"5":0,"6":0,"7":0,"8":0,"9":1},"f":{"0":0,"1":0,"2":0,"3":0},"b":{},"_coverageSchema":"332fd63041d2c1bcb487cc26dd0d5f7d97098a6c","hash":"158bc52a7138aa18409d488345e704b9b4026e78"}
,"/Users/wellersonmiranda/Documents/projects/dojo/api/src/modules/twitter/twitter.persistence.js": {"path":"/Users/wellersonmiranda/Documents/projects/dojo/api/src/modules/twitter/twitter.persistence.js","statementMap":{"0":{"start":{"line":1,"column":17},"end":{"line":1,"column":53}},"1":{"start":{"line":3,"column":0},"end":{"line":20,"column":1}},"2":{"start":{"line":5,"column":4},"end":{"line":12,"column":8}},"3":{"start":{"line":8,"column":18},"end":{"line":8,"column":23}},"4":{"start":{"line":10,"column":8},"end":{"line":10,"column":28}},"5":{"start":{"line":11,"column":8},"end":{"line":11,"column":111}},"6":{"start":{"line":15,"column":4},"end":{"line":18,"column":29}},"7":{"start":{"line":18,"column":22},"end":{"line":18,"column":28}}},"fnMap":{"0":{"name":"(anonymous_0)","decl":{"start":{"line":8,"column":12},"end":{"line":8,"column":13}},"loc":{"start":{"line":8,"column":18},"end":{"line":8,"column":23}},"line":8},"1":{"name":"(anonymous_1)","decl":{"start":{"line":9,"column":13},"end":{"line":9,"column":14}},"loc":{"start":{"line":9,"column":22},"end":{"line":12,"column":7}},"line":9},"2":{"name":"(anonymous_2)","decl":{"start":{"line":18,"column":12},"end":{"line":18,"column":13}},"loc":{"start":{"line":18,"column":22},"end":{"line":18,"column":28}},"line":18}},"branchMap":{"0":{"loc":{"start":{"line":11,"column":67},"end":{"line":11,"column":107}},"type":"cond-expr","locations":[{"start":{"line":11,"column":86},"end":{"line":11,"column":102}},{"start":{"line":11,"column":105},"end":{"line":11,"column":107}}],"line":11}},"s":{"0":1,"1":1,"2":0,"3":0,"4":0,"5":0,"6":0,"7":0},"f":{"0":0,"1":0,"2":0},"b":{"0":[0,0]},"_coverageSchema":"332fd63041d2c1bcb487cc26dd0d5f7d97098a6c","hash":"5463040926e425f4fc7fd56e305ffbacabedf2ff"}
,"/Users/wellersonmiranda/Documents/projects/dojo/api/src/modules/twitter/twitter.schema.js": {"path":"/Users/wellersonmiranda/Documents/projects/dojo/api/src/modules/twitter/twitter.schema.js","statementMap":{"0":{"start":{"line":1,"column":26},"end":{"line":1,"column":48}},"1":{"start":{"line":2,"column":20},"end":{"line":2,"column":52}},"2":{"start":{"line":6,"column":4},"end":{"line":6,"column":30}},"3":{"start":{"line":10,"column":4},"end":{"line":10,"column":36}},"4":{"start":{"line":14,"column":4},"end":{"line":14,"column":35}},"5":{"start":{"line":18,"column":4},"end":{"line":18,"column":20}},"6":{"start":{"line":19,"column":4},"end":{"line":19,"column":32}},"7":{"start":{"line":20,"column":4},"end":{"line":20,"column":48}},"8":{"start":{"line":23,"column":4},"end":{"line":23,"column":35}},"9":{"start":{"line":27,"column":0},"end":{"line":27,"column":24}}},"fnMap":{"0":{"name":"(anonymous_0)","decl":{"start":{"line":5,"column":2},"end":{"line":5,"column":3}},"loc":{"start":{"line":5,"column":17},"end":{"line":7,"column":3}},"line":5},"1":{"name":"(anonymous_1)","decl":{"start":{"line":9,"column":2},"end":{"line":9,"column":3}},"loc":{"start":{"line":9,"column":23},"end":{"line":11,"column":3}},"line":9},"2":{"name":"(anonymous_2)","decl":{"start":{"line":13,"column":2},"end":{"line":13,"column":3}},"loc":{"start":{"line":13,"column":22},"end":{"line":15,"column":3}},"line":13},"3":{"name":"(anonymous_3)","decl":{"start":{"line":17,"column":2},"end":{"line":17,"column":3}},"loc":{"start":{"line":17,"column":22},"end":{"line":24,"column":3}},"line":17}},"branchMap":{},"s":{"0":1,"1":1,"2":0,"3":0,"4":0,"5":0,"6":0,"7":0,"8":0,"9":1},"f":{"0":0,"1":0,"2":0,"3":0},"b":{},"_coverageSchema":"332fd63041d2c1bcb487cc26dd0d5f7d97098a6c","hash":"7447c80bc7331fbae28e0185076b594269452130"}
,"/Users/wellersonmiranda/Documents/projects/dojo/api/src/modules/twitter/twitter.service.js": {"path":"/Users/wellersonmiranda/Documents/projects/dojo/api/src/modules/twitter/twitter.service.js","statementMap":{"0":{"start":{"line":1,"column":14},"end":{"line":1,"column":40}},"1":{"start":{"line":2,"column":15},"end":{"line":2,"column":42}},"2":{"start":{"line":3,"column":16},"end":{"line":3,"column":34}},"3":{"start":{"line":5,"column":13},"end":{"line":10,"column":2}},"4":{"start":{"line":12,"column":12},"end":{"line":24,"column":1}},"5":{"start":{"line":13,"column":17},"end":{"line":18,"column":3}},"6":{"start":{"line":20,"column":2},"end":{"line":23,"column":6}},"7":{"start":{"line":22,"column":6},"end":{"line":22,"column":52}},"8":{"start":{"line":22,"column":42},"end":{"line":22,"column":51}},"9":{"start":{"line":26,"column":0},"end":{"line":28,"column":1}}},"fnMap":{"0":{"name":"(anonymous_0)","decl":{"start":{"line":12,"column":12},"end":{"line":12,"column":13}},"loc":{"start":{"line":12,"column":31},"end":{"line":24,"column":1}},"line":12},"1":{"name":"(anonymous_1)","decl":{"start":{"line":21,"column":10},"end":{"line":21,"column":11}},"loc":{"start":{"line":21,"column":23},"end":{"line":23,"column":5}},"line":21},"2":{"name":"(anonymous_2)","decl":{"start":{"line":22,"column":34},"end":{"line":22,"column":35}},"loc":{"start":{"line":22,"column":42},"end":{"line":22,"column":51}},"line":22}},"branchMap":{},"s":{"0":1,"1":1,"2":1,"3":1,"4":1,"5":1,"6":1,"7":1,"8":10,"9":1},"f":{"0":1,"1":1,"2":10},"b":{},"_coverageSchema":"332fd63041d2c1bcb487cc26dd0d5f7d97098a6c","hash":"f8935657d8af62cf79090f085b98c07d299858f3"}
,"/Users/wellersonmiranda/Documents/projects/dojo/api/src/persistence/db.js": {"path":"/Users/wellersonmiranda/Documents/projects/dojo/api/src/persistence/db.js","statementMap":{"0":{"start":{"line":1,"column":19},"end":{"line":1,"column":38}},"1":{"start":{"line":3,"column":0},"end":{"line":3,"column":27}},"2":{"start":{"line":5,"column":13},"end":{"line":12,"column":2}},"3":{"start":{"line":14,"column":0},"end":{"line":16,"column":1}}},"fnMap":{},"branchMap":{},"s":{"0":1,"1":1,"2":1,"3":1},"f":{},"b":{},"_coverageSchema":"332fd63041d2c1bcb487cc26dd0d5f7d97098a6c","hash":"818b84b31bc8c2cd8a1c6fc1024a08dce08e387b"}
}
