TN:
SF:/Users/wellersonmiranda/Documents/projects/dojo/api/src/utils.js
FN:14,buildObject
FN:15,(anonymous_1)
FN:21,currency
FN:46,formatToCurrencyBr
FN:58,(anonymous_4)
FN:70,renameProperties
FN:71,(anonymous_6)
FN:78,onlyNumbers
FN:83,validate
FN:85,(anonymous_9)
FN:90,(anonymous_10)
FN:95,validateWithDic
FN:96,(anonymous_12)
FN:98,(anonymous_13)
FN:108,exchangeValues
FN:115,cleaner
FN:116,(anonymous_16)
FN:120,(anonymous_17)
FN:126,hashify
FN:127,(anonymous_19)
FN:128,(anonymous_20)
FN:134,(anonymous_21)
FN:146,eztravelify
FN:150,compareHash
FN:151,(anonymous_24)
FN:152,(anonymous_25)
FN:163,guid
FN:167,isValidCPF
FN:171,formatCPF
FN:175,toBase64
FN:179,toSQLDate
FN:184,isDate
FN:192,replaceAllSpacesWith
FN:196,replaceAll
FN:200,roundUp
FN:204,toCents
FN:208,stringToCents
FN:212,maskCreditCardNumber
FN:216,insertCharInMiddle
FN:224,zeroIfIsNegative
FN:234,toBool
FNF:41
FNH:1
FNDA:0,buildObject
FNDA:0,(anonymous_1)
FNDA:0,currency
FNDA:0,formatToCurrencyBr
FNDA:0,(anonymous_4)
FNDA:0,renameProperties
FNDA:0,(anonymous_6)
FNDA:0,onlyNumbers
FNDA:0,validate
FNDA:0,(anonymous_9)
FNDA:0,(anonymous_10)
FNDA:0,validateWithDic
FNDA:0,(anonymous_12)
FNDA:0,(anonymous_13)
FNDA:0,exchangeValues
FNDA:0,cleaner
FNDA:0,(anonymous_16)
FNDA:0,(anonymous_17)
FNDA:0,hashify
FNDA:0,(anonymous_19)
FNDA:0,(anonymous_20)
FNDA:0,(anonymous_21)
FNDA:0,eztravelify
FNDA:0,compareHash
FNDA:0,(anonymous_24)
FNDA:0,(anonymous_25)
FNDA:1,guid
FNDA:0,isValidCPF
FNDA:0,formatCPF
FNDA:0,toBase64
FNDA:0,toSQLDate
FNDA:0,isDate
FNDA:0,replaceAllSpacesWith
FNDA:0,replaceAll
FNDA:0,roundUp
FNDA:0,toCents
FNDA:0,stringToCents
FNDA:0,maskCreditCardNumber
FNDA:0,insertCharInMiddle
FNDA:0,zeroIfIsNegative
FNDA:0,toBool
DA:1,2
DA:2,2
DA:3,2
DA:4,2
DA:5,2
DA:6,2
DA:7,2
DA:8,2
DA:9,2
DA:10,2
DA:12,2
DA:15,0
DA:16,0
DA:17,0
DA:22,0
DA:23,0
DA:24,0
DA:25,0
DA:26,0
DA:27,0
DA:28,0
DA:31,0
DA:32,0
DA:35,0
DA:38,0
DA:39,0
DA:41,0
DA:47,0
DA:59,0
DA:65,0
DA:66,0
DA:67,0
DA:71,0
DA:72,0
DA:73,0
DA:74,0
DA:79,0
DA:80,0
DA:84,0
DA:85,0
DA:86,0
DA:90,0
DA:91,0
DA:96,0
DA:97,0
DA:98,0
DA:99,0
DA:100,0
DA:101,0
DA:104,0
DA:109,0
DA:110,0
DA:112,0
DA:116,0
DA:117,0
DA:118,0
DA:121,0
DA:122,0
DA:127,0
DA:128,0
DA:129,0
DA:130,0
DA:131,0
DA:134,0
DA:135,0
DA:136,0
DA:137,0
DA:140,0
DA:147,0
DA:151,0
DA:152,0
DA:153,0
DA:154,0
DA:155,0
DA:158,0
DA:164,1
DA:168,0
DA:172,0
DA:176,0
DA:180,0
DA:181,0
DA:185,0
DA:186,0
DA:189,0
DA:193,0
DA:197,0
DA:201,0
DA:205,0
DA:209,0
DA:213,0
DA:217,0
DA:219,0
DA:220,0
DA:221,0
DA:225,0
DA:226,0
DA:227,0
DA:228,0
DA:231,0
DA:235,0
DA:236,0
DA:239,0
DA:242,2
LF:103
LH:13
BRDA:10,0,0,2
BRDA:10,0,1,0
BRDA:24,1,0,0
BRDA:24,1,1,0
BRDA:24,2,0,0
BRDA:24,2,1,0
BRDA:24,2,2,0
BRDA:25,3,0,0
BRDA:25,3,1,0
BRDA:26,4,0,0
BRDA:26,4,1,0
BRDA:28,5,0,0
BRDA:28,5,1,0
BRDA:32,6,0,0
BRDA:32,6,1,0
BRDA:33,7,0,0
BRDA:33,7,1,0
BRDA:35,8,0,0
BRDA:35,8,1,0
BRDA:38,9,0,0
BRDA:38,9,1,0
BRDA:84,10,0,0
BRDA:84,10,1,0
BRDA:100,11,0,0
BRDA:100,11,1,0
BRDA:117,12,0,0
BRDA:117,12,1,0
BRDA:129,13,0,0
BRDA:129,13,1,0
BRDA:135,14,0,0
BRDA:135,14,1,0
BRDA:153,15,0,0
BRDA:153,15,1,0
BRDA:185,16,0,0
BRDA:185,16,1,0
BRDA:205,17,0,0
BRDA:205,17,1,0
BRDA:217,18,0,0
BRDA:217,18,1,0
BRDA:217,19,0,0
BRDA:217,19,1,0
BRDA:225,20,0,0
BRDA:225,20,1,0
BRDA:227,21,0,0
BRDA:227,21,1,0
BRDA:235,22,0,0
BRDA:235,22,1,0
BRF:47
BRH:1
end_of_record
TN:
SF:/Users/wellersonmiranda/Documents/projects/dojo/api/src/modules/saved/saved.model.js
FN:5,(anonymous_0)
FN:9,(anonymous_1)
FN:13,(anonymous_2)
FNF:3
FNH:0
FNDA:0,(anonymous_0)
FNDA:0,(anonymous_1)
FNDA:0,(anonymous_2)
DA:1,1
DA:2,1
DA:6,0
DA:10,0
DA:14,0
DA:15,0
DA:16,0
DA:19,0
DA:23,1
LF:9
LH:3
BRF:0
BRH:0
end_of_record
TN:
SF:/Users/wellersonmiranda/Documents/projects/dojo/api/src/modules/saved/saved.schema.js
FN:9,(anonymous_0)
FN:12,(anonymous_1)
FN:13,(anonymous_2)
FN:20,(anonymous_3)
FN:24,(anonymous_4)
FNF:5
FNH:3
FNDA:0,(anonymous_0)
FNDA:1,(anonymous_1)
FNDA:1,(anonymous_2)
FNDA:0,(anonymous_3)
FNDA:1,(anonymous_4)
DA:1,1
DA:2,1
DA:3,1
DA:4,1
DA:6,1
DA:13,1
DA:14,1
DA:15,1
DA:16,1
DA:21,0
DA:25,1
DA:26,1
DA:28,1
DA:29,1
DA:33,1
LF:15
LH:14
BRDA:14,0,0,0
BRDA:14,0,1,1
BRF:2
BRH:1
end_of_record
TN:
SF:/Users/wellersonmiranda/Documents/projects/dojo/api/src/modules/saved/saved.service.js
FN:4,(anonymous_0)
FN:17,(anonymous_1)
FN:28,(anonymous_2)
FN:39,(anonymous_3)
FNF:4
FNH:2
FNDA:1,(anonymous_0)
FNDA:0,(anonymous_1)
FNDA:1,(anonymous_2)
FNDA:0,(anonymous_3)
DA:1,1
DA:2,1
DA:4,1
DA:5,1
DA:6,1
DA:7,1
DA:8,1
DA:10,1
DA:12,0
DA:13,0
DA:17,1
DA:18,0
DA:19,0
DA:20,0
DA:21,0
DA:23,0
DA:24,0
DA:28,1
DA:29,1
DA:30,1
DA:31,1
DA:32,1
DA:34,0
DA:35,0
DA:39,1
DA:43,1
LF:26
LH:16
BRF:0
BRH:0
end_of_record
TN:
SF:/Users/wellersonmiranda/Documents/projects/dojo/api/src/modules/twitter/twitter.model.js
FN:5,(anonymous_0)
FN:9,(anonymous_1)
FN:13,(anonymous_2)
FN:17,(anonymous_3)
FNF:4
FNH:0
FNDA:0,(anonymous_0)
FNDA:0,(anonymous_1)
FNDA:0,(anonymous_2)
FNDA:0,(anonymous_3)
DA:1,1
DA:2,1
DA:6,0
DA:10,0
DA:14,0
DA:18,0
DA:19,0
DA:20,0
DA:23,0
DA:27,1
LF:10
LH:3
BRF:0
BRH:0
end_of_record
TN:
SF:/Users/wellersonmiranda/Documents/projects/dojo/api/src/modules/twitter/twitter.persistence.js
FN:8,(anonymous_0)
FN:9,(anonymous_1)
FN:18,(anonymous_2)
FNF:3
FNH:0
FNDA:0,(anonymous_0)
FNDA:0,(anonymous_1)
FNDA:0,(anonymous_2)
DA:1,1
DA:3,1
DA:5,0
DA:8,0
DA:10,0
DA:11,0
DA:15,0
DA:18,0
LF:8
LH:2
BRDA:11,0,0,0
BRDA:11,0,1,0
BRF:2
BRH:0
end_of_record
TN:
SF:/Users/wellersonmiranda/Documents/projects/dojo/api/src/modules/twitter/twitter.schema.js
FN:5,(anonymous_0)
FN:9,(anonymous_1)
FN:13,(anonymous_2)
FN:17,(anonymous_3)
FNF:4
FNH:0
FNDA:0,(anonymous_0)
FNDA:0,(anonymous_1)
FNDA:0,(anonymous_2)
FNDA:0,(anonymous_3)
DA:1,1
DA:2,1
DA:6,0
DA:10,0
DA:14,0
DA:18,0
DA:19,0
DA:20,0
DA:23,0
DA:27,1
LF:10
LH:3
BRF:0
BRH:0
end_of_record
TN:
SF:/Users/wellersonmiranda/Documents/projects/dojo/api/src/modules/twitter/twitter.service.js
FN:12,(anonymous_0)
FN:21,(anonymous_1)
FN:22,(anonymous_2)
FNF:3
FNH:3
FNDA:1,(anonymous_0)
FNDA:1,(anonymous_1)
FNDA:10,(anonymous_2)
DA:1,1
DA:2,1
DA:3,1
DA:5,1
DA:12,1
DA:13,1
DA:20,1
DA:22,10
DA:26,1
LF:9
LH:9
BRF:0
BRH:0
end_of_record
TN:
SF:/Users/wellersonmiranda/Documents/projects/dojo/api/src/persistence/db.js
FNF:0
FNH:0
DA:1,1
DA:3,1
DA:5,1
DA:14,1
LF:4
LH:4
BRF:0
BRH:0
end_of_record
